<?xml version="1.0" encoding="UTF-8"?>
<testng-results ignored="0" total="1" passed="1" failed="0" skipped="0">
  <reporter-output>
  </reporter-output>
  <suite started-at="2023-11-23T20:07:07 IST" name="Default Suite" finished-at="2023-11-23T20:07:17 IST" duration-ms="9256">
    <groups>
    </groups>
    <test started-at="2023-11-23T20:07:07 IST" name="MyHybridFramework" finished-at="2023-11-23T20:07:17 IST" duration-ms="9256">
      <class name="com.qa.testcases.LoginTestCase">
        <test-method signature="login()[pri:0, instance:com.qa.testcases.LoginTestCase@16e7dcfd]" started-at="2023-11-23T20:07:07 IST" name="login" finished-at="2023-11-23T20:07:16 IST" duration-ms="9091" status="PASS">
          <reporter-output>
          </reporter-output>
        </test-method> <!-- login -->
        <test-method is-config="true" signature="tearDown()[pri:0, instance:com.qa.testcases.LoginTestCase@16e7dcfd]" started-at="2023-11-23T20:07:16 IST" name="tearDown" finished-at="2023-11-23T20:07:17 IST" duration-ms="112" status="PASS">
          <reporter-output>
          </reporter-output>
        </test-method> <!-- tearDown -->
      </class> <!-- com.qa.testcases.LoginTestCase -->
    </test> <!-- MyHybridFramework -->
  </suite> <!-- Default Suite -->
</testng-results>
